<?xml version="1.0" encoding="UTF-8"?>
<testng-results skipped="0" failed="0" ignored="0" total="1" passed="1">
  <reporter-output>
  </reporter-output>
  <suite name="Default suite" duration-ms="28888" started-at="2020-11-26T14:30:13Z" finished-at="2020-11-26T14:30:42Z">
    <groups>
    </groups>
    <test name="Default test" duration-ms="28888" started-at="2020-11-26T14:30:13Z" finished-at="2020-11-26T14:30:42Z">
      <class name="testcases.LoginTestCase">
        <test-method status="PASS" signature="init()[pri:0, instance:testcases.LoginTestCase@685cb137]" name="init" is-config="true" duration-ms="8413" started-at="2020-11-26T14:30:13Z" finished-at="2020-11-26T14:30:21Z">
          <reporter-output>
          </reporter-output>
        </test-method> <!-- init -->
        <test-method status="PASS" signature="wordpress()[pri:1, instance:testcases.LoginTestCase@685cb137]" name="wordpress" duration-ms="19959" started-at="2020-11-26T14:30:21Z" finished-at="2020-11-26T14:30:41Z">
          <reporter-output>
          </reporter-output>
        </test-method> <!-- wordpress -->
        <test-method status="PASS" signature="Appclose()[pri:0, instance:testcases.LoginTestCase@685cb137]" name="Appclose" is-config="true" duration-ms="479" started-at="2020-11-26T14:30:41Z" finished-at="2020-11-26T14:30:42Z">
          <reporter-output>
          </reporter-output>
        </test-method> <!-- Appclose -->
      </class> <!-- testcases.LoginTestCase -->
    </test> <!-- Default test -->
  </suite> <!-- Default suite -->
</testng-results>
